[2025-05-22T10:35:47.580Z] Starting PDF generation process
[2025-05-22T10:35:47.584Z] Filename: Ahmet_Y_lmaz_Report.pdf
[2025-05-22T10:35:47.585Z] HTML content length: 15280
[2025-05-22T10:35:47.585Z] HTML preview: 
    <!DOCTYPE html>
    <html>
      <head>
        <meta charset="UTF-8">
        <title>Ahmet_Y_lmaz</title>
        <link href="https://fonts.googleapis.com/css2?family=Noto+Sans:wght@400;500;600;700&display=swap" rel="stylesheet">
        <script src="https://cdn.jsdelivr.net/npm/chart.js@4.4.1/dist/chart.umd.min.js"></script>
        <script src="https://cdn.jsdelivr.net/npm/chartjs-plugin-filler@2.0.0/dist/chartjs-plugin-filler.min.js"></script>
        <style>
          * {
            f...
[2025-05-22T10:35:47.586Z] Launching browser...
[2025-05-22T10:35:48.662Z] Browser page created
[2025-05-22T10:35:48.686Z] Viewport set
[2025-05-22T10:35:48.686Z] Injecting Chart.js...
[2025-05-22T10:35:49.223Z] Setting page content...
[2025-05-22T10:35:49.232Z] Page log: A parser-blocking, cross site (i.e. different eTLD+1) script, https://cdn.jsdelivr.net/npm/chart.js@4.4.1/dist/chart.umd.min.js, is invoked via document.write. The network request for this script MAY be blocked by the browser in this or a future page load due to poor network connectivity. If blocked in this page load, it will be confirmed in a subsequent console message. See https://www.chromestatus.com/feature/5718547946799104 for more details.
[2025-05-22T10:35:49.238Z] Page log: A parser-blocking, cross site (i.e. different eTLD+1) script, https://cdn.jsdelivr.net/npm/chartjs-plugin-filler@2.0.0/dist/chartjs-plugin-filler.min.js, is invoked via document.write. The network request for this script MAY be blocked by the browser in this or a future page load due to poor network connectivity. If blocked in this page load, it will be confirmed in a subsequent console message. See https://www.chromestatus.com/feature/5718547946799104 for more details.
[2025-05-22T10:35:49.241Z] Page log: A parser-blocking, cross site (i.e. different eTLD+1) script, https://cdn.jsdelivr.net/npm/chart.js@4.4.1/dist/chart.umd.min.js, is invoked via document.write. The network request for this script MAY be blocked by the browser in this or a future page load due to poor network connectivity. If blocked in this page load, it will be confirmed in a subsequent console message. See https://www.chromestatus.com/feature/5718547946799104 for more details.
[2025-05-22T10:35:49.245Z] Page log: A parser-blocking, cross site (i.e. different eTLD+1) script, https://cdn.jsdelivr.net/npm/chartjs-plugin-filler@2.0.0/dist/chartjs-plugin-filler.min.js, is invoked via document.write. The network request for this script MAY be blocked by the browser in this or a future page load due to poor network connectivity. If blocked in this page load, it will be confirmed in a subsequent console message. See https://www.chromestatus.com/feature/5718547946799104 for more details.
[2025-05-22T10:35:50.326Z] Page content set successfully
[2025-05-22T10:35:50.327Z] Waiting for fonts and images...
[2025-05-22T10:35:50.331Z] Fonts and images loaded
[2025-05-22T10:35:50.331Z] Checking content visibility...
[2025-05-22T10:35:50.365Z] Content check results:
[2025-05-22T10:35:50.366Z] {
  "hasText": true,
  "textContentLength": 403,
  "hasCharts": 3,
  "visibleElementsCount": 62,
  "bodyDimensions": {
    "width": 1200,
    "height": 2921,
    "clientWidth": 1200,
    "clientHeight": 2921
  },
  "canvasStatus": [
    {
      "id": "",
      "width": 129,
      "height": 160,
      "hasContent": false,
      "isVisible": true,
      "dimensions": {
        "clientWidth": 1016.84375,
        "clientHeight": 200
      }
    },
    {
      "id": "",
      "width": 129,
      "height": 160,
      "hasContent": false,
      "isVisible": true,
      "dimensions": {
        "clientWidth": 1016.84375,
        "clientHeight": 200
      }
    },
    {
      "id": "",
      "width": 129,
      "height": 160,
      "hasContent": false,
      "isVisible": true,
      "dimensions": {
        "clientWidth": 1016.84375,
        "clientHeight": 200
      }
    }
  ],
  "html": "\n        <h1>Ahmet_Y_lmaz</h1>\n        <div class=\"mt-4 space-y-4\" id=\"student-report-1\"><div class=\"grid grid-cols-2 gap-4\"><div class=\"bg-[#EEF2FF] rounded-lg p-4\"><h4 class=\"text-sm font-medium text-[#312E81] mb-2\">Strengths</h4><ul class=\"space-y-1\"><li class=\"flex items-center text-sm text-[#4338CA]\"><svg xmlns=\"http://www.w3.org/2000/svg\" fill=\"none\" viewBox=\"0 0 24 24\" stroke-width=\"1.5\" stroke=\"currentColor\" aria-hidden=\"true\" data-slot=\"icon\" class=\"h-4 w-4 text-[#6366F1] mr-2\"><path stroke-linecap=\"round\" stroke-linejoin=\"round\" d=\"M11.48 3.499a.562.562 0 0 1 1.04 0l2.125 5.111a.563.563 0 0 0 .475.345l5.518.442c.499.04.701.663.321.988l-4.204 3.602a.563.563 0 0 0-.182.557l1.285 5.385a.562.562 0 0 1-.84.61l-4.725-2.885a.562.562 0 0 0-.586 0L6.982 20.54a.562.562 0 0 1-.84-.61l1.285-5.386a.562.562 0 0 0-.182-.557l-4.204-3.602a.562.562 0 0 1 .321-.988l5.518-.442a.563.563 0 0 0 .475-.345L11.48 3.5Z\"></path></svg>Problem Solving</li><li class=\"flex items-center text-sm text-[#4338CA"
}
[2025-05-22T10:35:50.366Z] Waiting for charts to render...
[2025-05-22T10:35:50.371Z] Page log: Canvas2D: Multiple readback operations using getImageData are faster with the willReadFrequently attribute set to true. See: https://html.spec.whatwg.org/multipage/canvas.html#concept-canvas-will-read-frequently
[2025-05-22T10:35:50.372Z] Page log: Canvas2D: Multiple readback operations using getImageData are faster with the willReadFrequently attribute set to true. See: https://html.spec.whatwg.org/multipage/canvas.html#concept-canvas-will-read-frequently
[2025-05-22T10:35:50.374Z] Page log: Canvas2D: Multiple readback operations using getImageData are faster with the willReadFrequently attribute set to true. See: https://html.spec.whatwg.org/multipage/canvas.html#concept-canvas-will-read-frequently
[2025-05-22T10:35:50.660Z] Charts rendered
[2025-05-22T10:35:50.660Z] Taking debug screenshot...
[2025-05-22T10:35:50.830Z] Debug screenshot taken, size: 120554 bytes
[2025-05-22T10:35:50.831Z] Waiting for content to stabilize...
[2025-05-22T10:35:52.843Z] Generating PDF...
[2025-05-22T10:35:53.269Z] PDF generated, size: 70314 bytes
[2025-05-22T10:35:53.270Z] Closing browser...
[2025-05-22T10:35:53.547Z] PDF generation completed successfully
[2025-05-24T09:08:31.888Z] Starting PDF generation process
[2025-05-24T09:08:31.889Z] Filename: Melis Polat_Report.pdf
[2025-05-24T09:08:31.890Z] HTML content length: 15450
[2025-05-24T09:08:31.890Z] HTML preview: 
    <!DOCTYPE html>
    <html>
      <head>
        <meta charset="UTF-8">
        <title>Melis Polat</title>
        <link href="https://fonts.googleapis.com/css2?family=Noto+Sans:wght@400;500;600;700&display=swap" rel="stylesheet">
        <script src="https://cdn.jsdelivr.net/npm/chart.js@4.4.1/dist/chart.umd.min.js"></script>
        <script src="https://cdn.jsdelivr.net/npm/chartjs-plugin-filler@2.0.0/dist/chartjs-plugin-filler.min.js"></script>
        <style>
          * {
            fo...
[2025-05-24T09:08:31.890Z] Launching browser...
[2025-05-24T09:08:33.169Z] Browser page created
[2025-05-24T09:08:33.176Z] Viewport set
[2025-05-24T09:08:33.176Z] Injecting Chart.js...
[2025-05-24T09:08:33.878Z] Setting page content...
[2025-05-24T09:08:33.882Z] Page log: A parser-blocking, cross site (i.e. different eTLD+1) script, https://cdn.jsdelivr.net/npm/chart.js@4.4.1/dist/chart.umd.min.js, is invoked via document.write. The network request for this script MAY be blocked by the browser in this or a future page load due to poor network connectivity. If blocked in this page load, it will be confirmed in a subsequent console message. See https://www.chromestatus.com/feature/5718547946799104 for more details.
[2025-05-24T09:08:33.883Z] Page log: A parser-blocking, cross site (i.e. different eTLD+1) script, https://cdn.jsdelivr.net/npm/chartjs-plugin-filler@2.0.0/dist/chartjs-plugin-filler.min.js, is invoked via document.write. The network request for this script MAY be blocked by the browser in this or a future page load due to poor network connectivity. If blocked in this page load, it will be confirmed in a subsequent console message. See https://www.chromestatus.com/feature/5718547946799104 for more details.
[2025-05-24T09:08:33.884Z] Page log: A parser-blocking, cross site (i.e. different eTLD+1) script, https://cdn.jsdelivr.net/npm/chart.js@4.4.1/dist/chart.umd.min.js, is invoked via document.write. The network request for this script MAY be blocked by the browser in this or a future page load due to poor network connectivity. If blocked in this page load, it will be confirmed in a subsequent console message. See https://www.chromestatus.com/feature/5718547946799104 for more details.
[2025-05-24T09:08:33.885Z] Page log: A parser-blocking, cross site (i.e. different eTLD+1) script, https://cdn.jsdelivr.net/npm/chartjs-plugin-filler@2.0.0/dist/chartjs-plugin-filler.min.js, is invoked via document.write. The network request for this script MAY be blocked by the browser in this or a future page load due to poor network connectivity. If blocked in this page load, it will be confirmed in a subsequent console message. See https://www.chromestatus.com/feature/5718547946799104 for more details.
[2025-05-24T09:08:34.983Z] Page content set successfully
[2025-05-24T09:08:34.983Z] Waiting for fonts and images...
[2025-05-24T09:08:34.988Z] Fonts and images loaded
[2025-05-24T09:08:34.988Z] Checking content visibility...
[2025-05-24T09:08:35.068Z] Content check results:
[2025-05-24T09:08:35.069Z] {
  "hasText": true,
  "textContentLength": 548,
  "hasCharts": 2,
  "visibleElementsCount": 61,
  "bodyDimensions": {
    "width": 1200,
    "height": 2425,
    "clientWidth": 1200,
    "clientHeight": 2425
  },
  "canvasStatus": [
    {
      "id": "",
      "width": 1385,
      "height": 320,
      "hasContent": false,
      "isVisible": true,
      "dimensions": {
        "clientWidth": 1000.84375,
        "clientHeight": 231.234375
      }
    },
    {
      "id": "",
      "width": 1385,
      "height": 320,
      "hasContent": false,
      "isVisible": true,
      "dimensions": {
        "clientWidth": 1000.84375,
        "clientHeight": 231.234375
      }
    }
  ],
  "html": "\n        <h1>Melis Polat</h1>\n        <div class=\"space-y-6\"><div class=\"bg-white rounded-lg shadow-sm p-6 hover:shadow-md transition-shadow\"><div class=\"flex items-center justify-between mb-4\"><div class=\"flex items-center space-x-3\"><svg xmlns=\"http://www.w3.org/2000/svg\" fill=\"none\" viewBox=\"0 0 24 24\" stroke-width=\"1.5\" stroke=\"currentColor\" aria-hidden=\"true\" data-slot=\"icon\" class=\"h-6 w-6 text-[#4F46E5]\"><path stroke-linecap=\"round\" stroke-linejoin=\"round\" d=\"M18 18.72a9.094 9.094 0 0 0 3.741-.479 3 3 0 0 0-4.682-2.72m.94 3.198.001.031c0 .225-.012.447-.037.666A11.944 11.944 0 0 1 12 21c-2.17 0-4.207-.576-5.963-1.584A6.062 6.062 0 0 1 6 18.719m12 0a5.971 5.971 0 0 0-.941-3.197m0 0A5.995 5.995 0 0 0 12 12.75a5.995 5.995 0 0 0-5.058 2.772m0 0a3 3 0 0 0-4.681 2.72 8.986 8.986 0 0 0 3.74.477m.94-3.197a5.971 5.971 0 0 0-.94 3.197M15 6.75a3 3 0 1 1-6 0 3 3 0 0 1 6 0Zm6 3a2.25 2.25 0 1 1-4.5 0 2.25 2.25 0 0 1 4.5 0Zm-13.5 0a2.25 2.25 0 1 1-4.5 0 2.25 2.25 0 0 1 4.5 0Z\"></path></svg><h3 "
}
[2025-05-24T09:08:35.070Z] Waiting for charts to render...
[2025-05-24T09:08:35.074Z] Page log: Canvas2D: Multiple readback operations using getImageData are faster with the willReadFrequently attribute set to true. See: https://html.spec.whatwg.org/multipage/canvas.html#concept-canvas-will-read-frequently
[2025-05-24T09:08:35.098Z] Page log: Canvas2D: Multiple readback operations using getImageData are faster with the willReadFrequently attribute set to true. See: https://html.spec.whatwg.org/multipage/canvas.html#concept-canvas-will-read-frequently
[2025-05-24T09:08:35.432Z] Charts rendered
[2025-05-24T09:08:35.432Z] Taking debug screenshot...
[2025-05-24T09:08:35.613Z] Debug screenshot taken, size: 118516 bytes
[2025-05-24T09:08:35.613Z] Waiting for content to stabilize...
[2025-05-24T09:08:37.618Z] Generating PDF...
[2025-05-24T09:08:37.812Z] PDF generated, size: 74777 bytes
[2025-05-24T09:08:37.812Z] Closing browser...
[2025-05-24T09:08:38.168Z] PDF generation completed successfully
[2025-05-24T09:21:17.588Z] Starting PDF generation process
[2025-05-24T09:21:17.589Z] Filename: Selin Arslan_Report.pdf
[2025-05-24T09:21:17.589Z] HTML content length: 15428
[2025-05-24T09:21:17.589Z] HTML preview: 
    <!DOCTYPE html>
    <html>
      <head>
        <meta charset="UTF-8">
        <title>Selin Arslan</title>
        <link href="https://fonts.googleapis.com/css2?family=Noto+Sans:wght@400;500;600;700&display=swap" rel="stylesheet">
        <script src="https://cdn.jsdelivr.net/npm/chart.js@4.4.1/dist/chart.umd.min.js"></script>
        <script src="https://cdn.jsdelivr.net/npm/chartjs-plugin-filler@2.0.0/dist/chartjs-plugin-filler.min.js"></script>
        <style>
          * {
            f...
[2025-05-24T09:21:17.589Z] Launching browser...
[2025-05-24T09:21:18.009Z] Browser page created
[2025-05-24T09:21:18.012Z] Viewport set
[2025-05-24T09:21:18.012Z] Injecting Chart.js...
[2025-05-24T09:21:18.451Z] Setting page content...
[2025-05-24T09:21:18.454Z] Page log: A parser-blocking, cross site (i.e. different eTLD+1) script, https://cdn.jsdelivr.net/npm/chart.js@4.4.1/dist/chart.umd.min.js, is invoked via document.write. The network request for this script MAY be blocked by the browser in this or a future page load due to poor network connectivity. If blocked in this page load, it will be confirmed in a subsequent console message. See https://www.chromestatus.com/feature/5718547946799104 for more details.
[2025-05-24T09:21:18.455Z] Page log: A parser-blocking, cross site (i.e. different eTLD+1) script, https://cdn.jsdelivr.net/npm/chartjs-plugin-filler@2.0.0/dist/chartjs-plugin-filler.min.js, is invoked via document.write. The network request for this script MAY be blocked by the browser in this or a future page load due to poor network connectivity. If blocked in this page load, it will be confirmed in a subsequent console message. See https://www.chromestatus.com/feature/5718547946799104 for more details.
[2025-05-24T09:21:18.456Z] Page log: A parser-blocking, cross site (i.e. different eTLD+1) script, https://cdn.jsdelivr.net/npm/chart.js@4.4.1/dist/chart.umd.min.js, is invoked via document.write. The network request for this script MAY be blocked by the browser in this or a future page load due to poor network connectivity. If blocked in this page load, it will be confirmed in a subsequent console message. See https://www.chromestatus.com/feature/5718547946799104 for more details.
[2025-05-24T09:21:18.457Z] Page log: A parser-blocking, cross site (i.e. different eTLD+1) script, https://cdn.jsdelivr.net/npm/chartjs-plugin-filler@2.0.0/dist/chartjs-plugin-filler.min.js, is invoked via document.write. The network request for this script MAY be blocked by the browser in this or a future page load due to poor network connectivity. If blocked in this page load, it will be confirmed in a subsequent console message. See https://www.chromestatus.com/feature/5718547946799104 for more details.
[2025-05-24T09:21:19.559Z] Page content set successfully
[2025-05-24T09:21:19.559Z] Waiting for fonts and images...
[2025-05-24T09:21:19.562Z] Fonts and images loaded
[2025-05-24T09:21:19.563Z] Checking content visibility...
[2025-05-24T09:21:19.615Z] Content check results:
[2025-05-24T09:21:19.616Z] {
  "hasText": true,
  "textContentLength": 525,
  "hasCharts": 2,
  "visibleElementsCount": 61,
  "bodyDimensions": {
    "width": 1200,
    "height": 2448,
    "clientWidth": 1200,
    "clientHeight": 2448
  },
  "canvasStatus": [
    {
      "id": "",
      "width": 1385,
      "height": 320,
      "hasContent": false,
      "isVisible": true,
      "dimensions": {
        "clientWidth": 1000.84375,
        "clientHeight": 231.234375
      }
    },
    {
      "id": "",
      "width": 1385,
      "height": 320,
      "hasContent": false,
      "isVisible": true,
      "dimensions": {
        "clientWidth": 1000.84375,
        "clientHeight": 231.234375
      }
    }
  ],
  "html": "\n        <h1>Selin Arslan</h1>\n        <div class=\"space-y-6\"><div class=\"bg-white rounded-lg shadow-sm p-6 hover:shadow-md transition-shadow\"><div class=\"flex items-center justify-between mb-4\"><div class=\"flex items-center space-x-3\"><svg xmlns=\"http://www.w3.org/2000/svg\" fill=\"none\" viewBox=\"0 0 24 24\" stroke-width=\"1.5\" stroke=\"currentColor\" aria-hidden=\"true\" data-slot=\"icon\" class=\"h-6 w-6 text-[#4F46E5]\"><path stroke-linecap=\"round\" stroke-linejoin=\"round\" d=\"M18 18.72a9.094 9.094 0 0 0 3.741-.479 3 3 0 0 0-4.682-2.72m.94 3.198.001.031c0 .225-.012.447-.037.666A11.944 11.944 0 0 1 12 21c-2.17 0-4.207-.576-5.963-1.584A6.062 6.062 0 0 1 6 18.719m12 0a5.971 5.971 0 0 0-.941-3.197m0 0A5.995 5.995 0 0 0 12 12.75a5.995 5.995 0 0 0-5.058 2.772m0 0a3 3 0 0 0-4.681 2.72 8.986 8.986 0 0 0 3.74.477m.94-3.197a5.971 5.971 0 0 0-.94 3.197M15 6.75a3 3 0 1 1-6 0 3 3 0 0 1 6 0Zm6 3a2.25 2.25 0 1 1-4.5 0 2.25 2.25 0 0 1 4.5 0Zm-13.5 0a2.25 2.25 0 1 1-4.5 0 2.25 2.25 0 0 1 4.5 0Z\"></path></svg><h3"
}
[2025-05-24T09:21:19.616Z] Waiting for charts to render...
[2025-05-24T09:21:19.619Z] Page log: Canvas2D: Multiple readback operations using getImageData are faster with the willReadFrequently attribute set to true. See: https://html.spec.whatwg.org/multipage/canvas.html#concept-canvas-will-read-frequently
[2025-05-24T09:21:19.637Z] Page log: Canvas2D: Multiple readback operations using getImageData are faster with the willReadFrequently attribute set to true. See: https://html.spec.whatwg.org/multipage/canvas.html#concept-canvas-will-read-frequently
[2025-05-24T09:21:19.892Z] Charts rendered
[2025-05-24T09:21:19.892Z] Taking debug screenshot...
[2025-05-24T09:21:20.023Z] Debug screenshot taken, size: 116700 bytes
[2025-05-24T09:21:20.023Z] Waiting for content to stabilize...
[2025-05-24T09:21:22.037Z] Generating PDF...
[2025-05-24T09:21:22.213Z] PDF generated, size: 75486 bytes
[2025-05-24T09:21:22.213Z] Closing browser...
[2025-05-24T09:21:22.366Z] PDF generation completed successfully
